<?xml version="1.0" encoding="UTF-8"?>
<!-- Generated by org.testng.reporters.JUnitReportReporter -->
<testsuite hostname="DESKTOP-207AJHH" failures="0" tests="1" name="Demo.DemoQA.AutoTest" time="4.553" errors="0" timestamp="2021-01-25T18:18:37 IST" skipped="0">
  <testcase classname="Demo.DemoQA.AutoTest" name="T1" time="4.553"/>
  <system-out/>
</testsuite> <!-- Demo.DemoQA.AutoTest -->
